<?xml version="1.0" encoding="UTF-8"?>
<!-- Generated by org.testng.reporters.JUnitReportReporter -->
<testsuite hostname="Ayesha" failures="0" tests="2" name="Seleniumviamaven.buttonsdemo" time="0.398" errors="0" timestamp="2024-09-03T21:18:16 IST" skipped="0">
  <testcase classname="Seleniumviamaven.buttonsdemo" name="doubleclick" time="0.204"/>
  <system-out/>
  <testcase classname="Seleniumviamaven.buttonsdemo" name="rightclick" time="0.194"/>
  <system-out/>
</testsuite> <!-- Seleniumviamaven.buttonsdemo -->
