<?xml version="1.0" encoding="UTF-8"?>
<!-- Generated by org.testng.reporters.JUnitReportReporter -->
<testsuite hostname="Ayesha" failures="0" tests="1" name="Seleniumviamaven.withoutusingpagefactory" time="4.693" errors="0" timestamp="2024-08-25T22:18:08 IST" skipped="0">
  <testcase classname="Seleniumviamaven.withoutusingpagefactory" name="testlogin" time="4.693"/>
  <system-out/>
</testsuite> <!-- Seleniumviamaven.withoutusingpagefactory -->
