<?xml version="1.0" encoding="UTF-8"?>
<!-- Generated by org.testng.reporters.JUnitReportReporter -->
<testsuite hostname="Ayesha" failures="0" tests="1" name="Seleniumviamaven.checkbox" time="0.099" errors="0" timestamp="2024-09-03T20:53:23 IST" skipped="0">
  <testcase classname="Seleniumviamaven.checkbox" name="checkboxsceanrio" time="0.099"/>
  <system-out/>
</testsuite> <!-- Seleniumviamaven.checkbox -->
