<?xml version="1.0" encoding="UTF-8"?>
<!-- Generated by org.testng.reporters.JUnitReportReporter -->
<testsuite hostname="Ayesha" failures="0" tests="12" name="Seleniumviamaven.paralleltesting" time="16.431" errors="0" timestamp="2024-08-22T21:58:08 IST" skipped="0">
  <testcase classname="Seleniumviamaven.paralleltesting" name="testlogin" time="0.634"/>
  <system-out/>
  <testcase classname="Seleniumviamaven.paralleltesting" name="testlogin" time="2.753"/>
  <system-out/>
  <testcase classname="Seleniumviamaven.paralleltesting" name="testlogin" time="0.604"/>
  <system-out/>
  <testcase classname="Seleniumviamaven.paralleltesting" name="testlogin" time="0.796"/>
  <system-out/>
  <testcase classname="Seleniumviamaven.paralleltesting" name="testlogin" time="2.696"/>
  <system-out/>
  <testcase classname="Seleniumviamaven.paralleltesting" name="testlogin" time="0.539"/>
  <system-out/>
  <testcase classname="Seleniumviamaven.paralleltesting" name="testlogin" time="1.967"/>
  <system-out/>
  <testcase classname="Seleniumviamaven.paralleltesting" name="testlogin" time="0.591"/>
  <system-out/>
  <testcase classname="Seleniumviamaven.paralleltesting" name="testlogin" time="1.028"/>
  <system-out/>
  <testcase classname="Seleniumviamaven.paralleltesting" name="testlogin" time="0.593"/>
  <system-out/>
  <testcase classname="Seleniumviamaven.paralleltesting" name="testlogin" time="2.845"/>
  <system-out/>
  <testcase classname="Seleniumviamaven.paralleltesting" name="testlogin" time="1.385"/>
  <system-out/>
</testsuite> <!-- Seleniumviamaven.paralleltesting -->
